<?xml version="1.0" encoding="UTF-8"?>
<!-- Generated by org.testng.reporters.JUnitReportReporter -->
<testsuite hostname="PhamHanh-PC" name="com.IZZI.Admin.IZZI_STORE_SUCCESS" tests="1" failures="0" timestamp="19 Jan 2021 02:56:45 GMT" time="0.004" errors="0">
  <testcase name="TC_01_Create_Store_Success" time="0.004" classname="com.IZZI.Admin.IZZI_STORE_SUCCESS"/>
</testsuite> <!-- com.IZZI.Admin.IZZI_STORE_SUCCESS -->
