<?xml version="1.0" encoding="UTF-8"?>
<!-- Generated by org.testng.reporters.JUnitReportReporter -->
<testsuite hostname="PhamHanh-PC" name="com.IZZI.Admin.ADD_STORE_STYLE_SUCCESS" tests="1" failures="0" timestamp="26 Jan 2021 02:58:40 GMT" time="14.966" errors="0">
  <testcase name="TC_01_Create_Search_Delete_Store_Parent_Success" time="14.966" classname="com.IZZI.Admin.ADD_STORE_STYLE_SUCCESS"/>
</testsuite> <!-- com.IZZI.Admin.ADD_STORE_STYLE_SUCCESS -->
